c:\users\omar\git\cpsc-501\cpsc - assignment4\cpsc - assignment4\debug\cpsc - assignment4.pch.codeanalysis
c:\users\omar\git\cpsc-501\cpsc - assignment4\cpsc - assignment4\debug\vc140.pdb
c:\users\omar\git\cpsc-501\cpsc - assignment4\cpsc - assignment4\debug\vc140.idb
c:\users\omar\git\cpsc-501\cpsc - assignment4\cpsc - assignment4\debug\cpsc - assignment4.pch.codeanalysisast
c:\users\omar\git\cpsc-501\cpsc - assignment4\cpsc - assignment4\debug\stdafx.nativecodeanalysis.xml
c:\users\omar\git\cpsc-501\cpsc - assignment4\cpsc - assignment4\debug\stdafx.obj
c:\users\omar\git\cpsc-501\cpsc - assignment4\cpsc - assignment4\debug\cpsc - assignment4.pch
c:\users\omar\git\cpsc-501\cpsc - assignment4\cpsc - assignment4\debug\cpsc - assignment4.pchast
c:\users\omar\git\cpsc-501\cpsc - assignment4\cpsc - assignment4\debug\assignment4.nativecodeanalysis.xml
c:\users\omar\git\cpsc-501\cpsc - assignment4\cpsc - assignment4\debug\assignment4.obj
c:\users\omar\git\cpsc-501\cpsc - assignment4\debug\cpsc - assignment4.ilk
c:\users\omar\git\cpsc-501\cpsc - assignment4\debug\cpsc - assignment4.exe
c:\users\omar\git\cpsc-501\cpsc - assignment4\debug\cpsc - assignment4.pdb
c:\users\omar\git\cpsc-501\cpsc - assignment4\cpsc - assignment4\debug\nativecodeanalysis.read.1.tlog
c:\users\omar\git\cpsc-501\cpsc - assignment4\cpsc - assignment4\debug\vc.nativecodeanalysis.all.xml
c:\users\omar\git\cpsc-501\cpsc - assignment4\debug\cpsc - assignment4.exe.lastcodeanalysissucceeded
c:\users\omar\git\cpsc-501\cpsc - assignment4\cpsc - assignment4\debug\cpsc - a.173ab520.tlog\cl.command.1.tlog
c:\users\omar\git\cpsc-501\cpsc - assignment4\cpsc - assignment4\debug\cpsc - a.173ab520.tlog\cl.read.1.tlog
c:\users\omar\git\cpsc-501\cpsc - assignment4\cpsc - assignment4\debug\cpsc - a.173ab520.tlog\cl.write.1.tlog
c:\users\omar\git\cpsc-501\cpsc - assignment4\cpsc - assignment4\debug\cpsc - a.173ab520.tlog\link.command.1.tlog
c:\users\omar\git\cpsc-501\cpsc - assignment4\cpsc - assignment4\debug\cpsc - a.173ab520.tlog\link.read.1.tlog
c:\users\omar\git\cpsc-501\cpsc - assignment4\cpsc - assignment4\debug\cpsc - a.173ab520.tlog\link.write.1.tlog
